<?xml version="1.0" encoding="UTF-8"?>
<!-- Generated by org.testng.reporters.JUnitXMLReporter -->
<testsuite ignored="0" hostname="DESKTOP-0QGB83I" failures="0" tests="1" name="Test" time="2.428" errors="0" timestamp="22 Aug 2023 07:42:32 GMT">
  <testcase classname="testng.orangedemo" name="@BeforeMethod setup" time="2.388">
    <failure type="org.openqa.selenium.SessionNotCreatedException" message="session not created: This version of ChromeDriver only supports Chrome version 114
Current browser version is 116.0.5845.96 with binary path C:\Program Files\Google\Chrome\Application\chrome.exe
Build info: version: &amp;apos;3.141.59&amp;apos;, revision: &amp;apos;e82be7d358&amp;apos;, time: &amp;apos;2018-11-14T08:17:03&amp;apos;
System info: host: &amp;apos;DESKTOP-0QGB83I&amp;apos;, ip: &amp;apos;192.168.29.182&amp;apos;, os.name: &amp;apos;Windows 10&amp;apos;, os.arch: &amp;apos;amd64&amp;apos;, os.version: &amp;apos;10.0&amp;apos;, java.version: &amp;apos;17.0.8&amp;apos;
Driver info: driver.version: ChromeDriver
remote stacktrace: Backtrace:
	GetHandleVerifier [0x00C1A813+48355]
	(No symbol) [0x00BAC4B1]
	(No symbol) [0x00AB5358]
	(No symbol) [0x00AD61AC]
	(No symbol) [0x00AD1EF3]
	(No symbol) [0x00AD0579]
	(No symbol) [0x00B00C55]
	(No symbol) [0x00B0093C]
	(No symbol) [0x00AFA536]
	(No symbol) [0x00AD82DC]
	(No symbol) [0x00AD93DD]
	GetHandleVerifier [0x00E7AABD+2539405]
	GetHandleVerifier [0x00EBA78F+2800735]
	GetHandleVerifier [0x00EB456C+2775612]
	GetHandleVerifier [0x00CA51E0+616112]
	(No symbol) [0x00BB5F8C]
	(No symbol) [0x00BB2328]
	(No symbol) [0x00BB240B]
	(No symbol) [0x00BA4FF7]
	BaseThreadInitThunk [0x76BC00C9+25]
	RtlGetAppContainerNamedObjectPath [0x778B7B1E+286]
	RtlGetAppContainerNamedObjectPath [0x778B7AEE+238]
">
      <![CDATA[org.openqa.selenium.SessionNotCreatedException: session not created: This version of ChromeDriver only supports Chrome version 114
Current browser version is 116.0.5845.96 with binary path C:\Program Files\Google\Chrome\Application\chrome.exe
Build info: version: '3.141.59', revision: 'e82be7d358', time: '2018-11-14T08:17:03'
System info: host: 'DESKTOP-0QGB83I', ip: '192.168.29.182', os.name: 'Windows 10', os.arch: 'amd64', os.version: '10.0', java.version: '17.0.8'
Driver info: driver.version: ChromeDriver
remote stacktrace: Backtrace:
GetHandleVerifier [0x00C1A813+48355]
(No symbol) [0x00BAC4B1]
(No symbol) [0x00AB5358]
(No symbol) [0x00AD61AC]
(No symbol) [0x00AD1EF3]
(No symbol) [0x00AD0579]
(No symbol) [0x00B00C55]
(No symbol) [0x00B0093C]
(No symbol) [0x00AFA536]
(No symbol) [0x00AD82DC]
(No symbol) [0x00AD93DD]
GetHandleVerifier [0x00E7AABD+2539405]
GetHandleVerifier [0x00EBA78F+2800735]
GetHandleVerifier [0x00EB456C+2775612]
GetHandleVerifier [0x00CA51E0+616112]
(No symbol) [0x00BB5F8C]
(No symbol) [0x00BB2328]
(No symbol) [0x00BB240B]
(No symbol) [0x00BA4FF7]
BaseThreadInitThunk [0x76BC00C9+25]
RtlGetAppContainerNamedObjectPath [0x778B7B1E+286]
RtlGetAppContainerNamedObjectPath [0x778B7AEE+238]

at org.openqa.selenium.remote.W3CHandshakeResponse.lambda$errorHandler$0(W3CHandshakeResponse.java:62)
at org.openqa.selenium.remote.HandshakeResponse.lambda$getResponseFunction$0(HandshakeResponse.java:30)
at org.openqa.selenium.remote.ProtocolHandshake.lambda$createSession$0(ProtocolHandshake.java:126)
at java.base/java.util.stream.ReferencePipeline$3$1.accept(ReferencePipeline.java:197)
at java.base/java.util.Spliterators$ArraySpliterator.tryAdvance(Spliterators.java:1002)
at java.base/java.util.stream.ReferencePipeline.forEachWithCancel(ReferencePipeline.java:129)
at java.base/java.util.stream.AbstractPipeline.copyIntoWithCancel(AbstractPipeline.java:527)
at java.base/java.util.stream.AbstractPipeline.copyInto(AbstractPipeline.java:513)
at java.base/java.util.stream.AbstractPipeline.wrapAndCopyInto(AbstractPipeline.java:499)
at java.base/java.util.stream.FindOps$FindOp.evaluateSequential(FindOps.java:150)
at java.base/java.util.stream.AbstractPipeline.evaluate(AbstractPipeline.java:234)
at java.base/java.util.stream.ReferencePipeline.findFirst(ReferencePipeline.java:647)
at org.openqa.selenium.remote.ProtocolHandshake.createSession(ProtocolHandshake.java:128)
at org.openqa.selenium.remote.ProtocolHandshake.createSession(ProtocolHandshake.java:74)
at org.openqa.selenium.remote.HttpCommandExecutor.execute(HttpCommandExecutor.java:136)
at org.openqa.selenium.remote.service.DriverCommandExecutor.execute(DriverCommandExecutor.java:83)
at org.openqa.selenium.remote.RemoteWebDriver.execute(RemoteWebDriver.java:552)
at org.openqa.selenium.remote.RemoteWebDriver.startSession(RemoteWebDriver.java:213)
at org.openqa.selenium.remote.RemoteWebDriver.<init>(RemoteWebDriver.java:131)
at org.openqa.selenium.chrome.ChromeDriver.<init>(ChromeDriver.java:181)
at org.openqa.selenium.chrome.ChromeDriver.<init>(ChromeDriver.java:168)
at org.openqa.selenium.chrome.ChromeDriver.<init>(ChromeDriver.java:123)
at testng.orangedemo.setup(orangedemo.java:22)
... Removed 33 stack frames]]>
    </failure>
  </testcase> <!-- @BeforeMethod setup -->
  <testcase classname="testng.orangedemo" name="@AfterMethod teardown" time="0.0">
    <skipped/>
  </testcase> <!-- @AfterMethod teardown -->
  <testcase classname="testng.orangedemo" name="vrfylogin" time="0.0">
    <skipped/>
  </testcase> <!-- vrfylogin -->
</testsuite> <!-- Test -->
