<?xml version="1.0" encoding="UTF-8"?>
<testng-results ignored="0" total="1" passed="1" failed="0" skipped="0">
  <reporter-output>
  </reporter-output>
  <suite started-at="2023-08-30T03:01:21Z" name="Default suite" finished-at="2023-08-30T03:01:21Z" duration-ms="29">
    <groups>
    </groups>
    <test started-at="2023-08-30T03:01:21Z" name="Default test" finished-at="2023-08-30T03:01:21Z" duration-ms="29">
      <class name="annotations.login">
        <test-method is-config="true" signature="test1()[pri:0, instance:annotations.login@17d88132]" started-at="2023-08-30T03:01:21Z" name="test1" finished-at="2023-08-30T03:01:21Z" duration-ms="5" status="PASS">
          <reporter-output>
          </reporter-output>
        </test-method> <!-- test1 -->
        <test-method signature="test3()[pri:0, instance:annotations.login@17d88132]" started-at="2023-08-30T03:01:21Z" name="test3" finished-at="2023-08-30T03:01:21Z" duration-ms="4" status="PASS">
          <reporter-output>
          </reporter-output>
        </test-method> <!-- test3 -->
        <test-method is-config="true" signature="test2()[pri:0, instance:annotations.login@17d88132]" started-at="2023-08-30T03:01:21Z" name="test2" finished-at="2023-08-30T03:01:21Z" duration-ms="0" status="PASS">
          <reporter-output>
          </reporter-output>
        </test-method> <!-- test2 -->
      </class> <!-- annotations.login -->
    </test> <!-- Default test -->
  </suite> <!-- Default suite -->
</testng-results>
