<?xml version="1.0" encoding="UTF-8"?>
<testng-results ignored="0" total="1" passed="1" failed="0" skipped="0">
  <reporter-output>
  </reporter-output>
  <suite started-at="2023-09-06T11:32:20Z" name="Default suite" finished-at="2023-09-06T11:32:27Z" duration-ms="7106">
    <groups>
    </groups>
    <test started-at="2023-09-06T11:32:20Z" name="Default test" finished-at="2023-09-06T11:32:27Z" duration-ms="7106">
      <class name="com.testcase.fblogin">
        <test-method is-config="true" signature="setup()[pri:0, instance:com.testcase.fblogin@291f18]" started-at="2023-09-06T11:32:20Z" name="setup" finished-at="2023-09-06T11:32:25Z" duration-ms="4263" status="PASS">
          <reporter-output>
          </reporter-output>
        </test-method> <!-- setup -->
        <test-method signature="userdetail()[pri:0, instance:com.testcase.fblogin@291f18]" started-at="2023-09-06T11:32:25Z" name="userdetail" finished-at="2023-09-06T11:32:27Z" duration-ms="2687" status="PASS">
          <reporter-output>
          </reporter-output>
        </test-method> <!-- userdetail -->
        <test-method is-config="true" signature="teardown()[pri:0, instance:com.testcase.fblogin@291f18]" started-at="2023-09-06T11:32:27Z" name="teardown" finished-at="2023-09-06T11:32:27Z" duration-ms="137" status="PASS">
          <reporter-output>
          </reporter-output>
        </test-method> <!-- teardown -->
      </class> <!-- com.testcase.fblogin -->
    </test> <!-- Default test -->
  </suite> <!-- Default suite -->
</testng-results>
